# JRE version: OpenJDK Runtime Environment (8.0_112-b06) (build 1.8.0_112-release-b06)
# Java VM: OpenJDK 64-Bit Server VM (25.112-b06 mixed mode windows-amd64 compressed oops)
Heap:
 PSYoungGen      total 214016K, used 125719K [0x00000000e0000000, 0x00000000f0880000, 0x0000000100000000)
  eden space 198144K, 60% used [0x00000000e0000000,0x00000000e7455f70,0x00000000ec180000)
  from space 15872K, 41% used [0x00000000ec180000,0x00000000ec7eff40,0x00000000ed100000)
  to   space 14848K, 0% used [0x00000000efa00000,0x00000000efa00000,0x00000000f0880000)
 ParOldGen       total 93184K, used 44448K [0x00000000a0000000, 0x00000000a5b00000, 0x00000000e0000000)
  object space 93184K, 47% used [0x00000000a0000000,0x00000000a2b683e0,0x00000000a5b00000)
 Metaspace       used 67126K, capacity 70002K, committed 70144K, reserved 1110016K
  class space    used 8871K, capacity 9430K, committed 9472K, reserved 1048576K
GC Heap History (10 events):
Event: 38.110 GC heap before
{Heap before GC invocations=16 (full 2):
 PSYoungGen      total 121344K, used 120514K [0x00000000e0000000, 0x00000000ea500000, 0x0000000100000000)
  eden space 112128K, 100% used [0x00000000e0000000,0x00000000e6d80000,0x00000000e6d80000)
  from space 9216K, 91% used [0x00000000e6d80000,0x00000000e75b0ae0,0x00000000e7680000)
  to   space 9728K, 0% used [0x00000000e9b80000,0x00000000e9b80000,0x00000000ea500000)
 ParOldGen       total 50688K, used 23191K [0x00000000a0000000, 0x00000000a3180000, 0x00000000e0000000)
  object space 50688K, 45% used [0x00000000a0000000,0x00000000a16a5c80,0x00000000a3180000)
 Metaspace       used 50502K, capacity 52310K, committed 52480K, reserved 1093632K
  class space    used 6943K, capacity 7322K, committed 7424K, reserved 1048576K
Event: 38.205 GC heap after
Heap after GC invocations=16 (full 2):
 PSYoungGen      total 154624K, used 9728K [0x00000000e0000000, 0x00000000eb500000, 0x0000000100000000)
  eden space 144896K, 0% used [0x00000000e0000000,0x00000000e0000000,0x00000000e8d80000)
  from space 9728K, 100% used [0x00000000e9b80000,0x00000000ea500000,0x00000000ea500000)
  to   space 14336K, 0% used [0x00000000e8d80000,0x00000000e8d80000,0x00000000e9b80000)
 ParOldGen       total 50688K, used 31282K [0x00000000a0000000, 0x00000000a3180000, 0x00000000e0000000)
  object space 50688K, 61% used [0x00000000a0000000,0x00000000a1e8cb78,0x00000000a3180000)
 Metaspace       used 50502K, capacity 52310K, committed 52480K, reserved 1093632K
  class space    used 6943K, capacity 7322K, committed 7424K, reserved 1048576K
}
Event: 56.632 GC heap before
{Heap before GC invocations=17 (full 2):
 PSYoungGen      total 154624K, used 154624K [0x00000000e0000000, 0x00000000eb500000, 0x0000000100000000)
  eden space 144896K, 100% used [0x00000000e0000000,0x00000000e8d80000,0x00000000e8d80000)
  from space 9728K, 100% used [0x00000000e9b80000,0x00000000ea500000,0x00000000ea500000)
  to   space 14336K, 0% used [0x00000000e8d80000,0x00000000e8d80000,0x00000000e9b80000)
 ParOldGen       total 50688K, used 31282K [0x00000000a0000000, 0x00000000a3180000, 0x00000000e0000000)
  object space 50688K, 61% used [0x00000000a0000000,0x00000000a1e8cb78,0x00000000a3180000)
 Metaspace       used 54550K, capacity 56836K, committed 57088K, reserved 1097728K
  class space    used 7370K, capacity 7869K, committed 7936K, reserved 1048576K
Event: 56.738 GC heap after
Heap after GC invocations=17 (full 2):
 PSYoungGen      total 159232K, used 13356K [0x00000000e0000000, 0x00000000ee080000, 0x0000000100000000)
  eden space 144896K, 0% used [0x00000000e0000000,0x00000000e0000000,0x00000000e8d80000)
  from space 14336K, 93% used [0x00000000e8d80000,0x00000000e9a8b248,0x00000000e9b80000)
  to   space 15872K, 0% used [0x00000000ed100000,0x00000000ed100000,0x00000000ee080000)
 ParOldGen       total 50688K, used 40809K [0x00000000a0000000, 0x00000000a3180000, 0x00000000e0000000)
  object space 50688K, 80% used [0x00000000a0000000,0x00000000a27da590,0x00000000a3180000)
 Metaspace       used 54550K, capacity 56836K, committed 57088K, reserved 1097728K
  class space    used 7370K, capacity 7869K, committed 7936K, reserved 1048576K
}
Event: 58.270 GC heap before
{Heap before GC invocations=18 (full 2):
 PSYoungGen      total 159232K, used 49068K [0x00000000e0000000, 0x00000000ee080000, 0x0000000100000000)
  eden space 144896K, 24% used [0x00000000e0000000,0x00000000e22dfeb0,0x00000000e8d80000)
  from space 14336K, 93% used [0x00000000e8d80000,0x00000000e9a8b248,0x00000000e9b80000)
  to   space 15872K, 0% used [0x00000000ed100000,0x00000000ed100000,0x00000000ee080000)
 ParOldGen       total 50688K, used 40809K [0x00000000a0000000, 0x00000000a3180000, 0x00000000e0000000)
  object space 50688K, 80% used [0x00000000a0000000,0x00000000a27da590,0x00000000a3180000)
 Metaspace       used 56749K, capacity 59082K, committed 59136K, reserved 1099776K
  class space    used 7661K, capacity 8178K, committed 8192K, reserved 1048576K
Event: 58.308 GC heap after
Heap after GC invocations=18 (full 2):
 PSYoungGen      total 214016K, used 2856K [0x00000000e0000000, 0x00000000ee480000, 0x0000000100000000)
  eden space 198144K, 0% used [0x00000000e0000000,0x00000000e0000000,0x00000000ec180000)
  from space 15872K, 17% used [0x00000000ed100000,0x00000000ed3ca3c8,0x00000000ee080000)
  to   space 15872K, 0% used [0x00000000ec180000,0x00000000ec180000,0x00000000ed100000)
 ParOldGen       total 53248K, used 51942K [0x00000000a0000000, 0x00000000a3400000, 0x00000000e0000000)
  object space 53248K, 97% used [0x00000000a0000000,0x00000000a32b9830,0x00000000a3400000)
 Metaspace       used 56749K, capacity 59082K, committed 59136K, reserved 1099776K
  class space    used 7661K, capacity 8178K, committed 8192K, reserved 1048576K
}
Event: 58.308 GC heap before
{Heap before GC invocations=19 (full 3):
 PSYoungGen      total 214016K, used 2856K [0x00000000e0000000, 0x00000000ee480000, 0x0000000100000000)
  eden space 198144K, 0% used [0x00000000e0000000,0x00000000e0000000,0x00000000ec180000)
  from space 15872K, 17% used [0x00000000ed100000,0x00000000ed3ca3c8,0x00000000ee080000)
  to   space 15872K, 0% used [0x00000000ec180000,0x00000000ec180000,0x00000000ed100000)
 ParOldGen       total 53248K, used 51942K [0x00000000a0000000, 0x00000000a3400000, 0x00000000e0000000)
  object space 53248K, 97% used [0x00000000a0000000,0x00000000a32b9830,0x00000000a3400000)
 Metaspace       used 56749K, capacity 59082K, committed 59136K, reserved 1099776K
  class space    used 7661K, capacity 8178K, committed 8192K, reserved 1048576K
Event: 58.760 GC heap after
Heap after GC invocations=19 (full 3):
 PSYoungGen      total 214016K, used 0K [0x00000000e0000000, 0x00000000ee480000, 0x0000000100000000)
  eden space 198144K, 0% used [0x00000000e0000000,0x00000000e0000000,0x00000000ec180000)
  from space 15872K, 0% used [0x00000000ed100000,0x00000000ed100000,0x00000000ee080000)
  to   space 15872K, 0% used [0x00000000ec180000,0x00000000ec180000,0x00000000ed100000)
 ParOldGen       total 93184K, used 44440K [0x00000000a0000000, 0x00000000a5b00000, 0x00000000e0000000)
  object space 93184K, 47% used [0x00000000a0000000,0x00000000a2b663e0,0x00000000a5b00000)
 Metaspace       used 56749K, capacity 59082K, committed 59136K, reserved 1099776K
  class space    used 7661K, capacity 8178K, committed 8192K, reserved 1048576K
}
Event: 311.320 GC heap before
{Heap before GC invocations=20 (full 3):
 PSYoungGen      total 214016K, used 198144K [0x00000000e0000000, 0x00000000ee480000, 0x0000000100000000)
  eden space 198144K, 100% used [0x00000000e0000000,0x00000000ec180000,0x00000000ec180000)
  from space 15872K, 0% used [0x00000000ed100000,0x00000000ed100000,0x00000000ee080000)
  to   space 15872K, 0% used [0x00000000ec180000,0x00000000ec180000,0x00000000ed100000)
 ParOldGen       total 93184K, used 44440K [0x00000000a0000000, 0x00000000a5b00000, 0x00000000e0000000)
  object space 93184K, 47% used [0x00000000a0000000,0x00000000a2b663e0,0x00000000a5b00000)
 Metaspace       used 59039K, capacity 61762K, committed 62080K, reserved 1103872K
  class space    used 7932K, capacity 8456K, committed 8576K, reserved 1048576K
Event: 311.441 GC heap after
Heap after GC invocations=20 (full 3):
 PSYoungGen      total 214016K, used 6591K [0x00000000e0000000, 0x00000000f0880000, 0x0000000100000000)
  eden space 198144K, 0% used [0x00000000e0000000,0x00000000e0000000,0x00000000ec180000)
  from space 15872K, 41% used [0x00000000ec180000,0x00000000ec7eff40,0x00000000ed100000)
  to   space 14848K, 0% used [0x00000000efa00000,0x00000000efa00000,0x00000000f0880000)
 ParOldGen       total 93184K, used 44448K [0x00000000a0000000, 0x00000000a5b00000, 0x00000000e0000000)
  object space 93184K, 47% used [0x00000000a0000000,0x00000000a2b683e0,0x00000000a5b00000)
 Metaspace       used 59039K, capacity 61762K, committed 62080K, reserved 1103872K
  class space    used 7932K, capacity 8456K, committed 8576K, reserved 1048576K
}

