# JRE version: OpenJDK Runtime Environment (8.0_112-b06) (build 1.8.0_112-release-b06)
# Java VM: OpenJDK 64-Bit Server VM (25.112-b06 mixed mode windows-amd64 compressed oops)
Heap:
 PSYoungGen      total 156672K, used 110310K [0x00000000e0000000, 0x00000000ee180000, 0x0000000100000000)
  eden space 144896K, 76% used [0x00000000e0000000,0x00000000e6bb9958,0x00000000e8d80000)
  from space 11776K, 0% used [0x00000000e9980000,0x00000000e9980000,0x00000000ea500000)
  to   space 12288K, 0% used [0x00000000e8d80000,0x00000000e8d80000,0x00000000e9980000)
 ParOldGen       total 55808K, used 15475K [0x00000000a0000000, 0x00000000a3680000, 0x00000000e0000000)
  object space 55808K, 27% used [0x00000000a0000000,0x00000000a0f1ce78,0x00000000a3680000)
 Metaspace       used 42807K, capacity 43764K, committed 43904K, reserved 1087488K
  class space    used 5755K, capacity 6000K, committed 6016K, reserved 1048576K
GC Heap History (10 events):
Event: 7.083 GC heap before
{Heap before GC invocations=6 (full 1):
 PSYoungGen      total 68096K, used 2553K [0x00000000e0000000, 0x00000000e9100000, 0x0000000100000000)
  eden space 65536K, 0% used [0x00000000e0000000,0x00000000e0000000,0x00000000e4000000)
  from space 2560K, 99% used [0x00000000e4000000,0x00000000e427e620,0x00000000e4280000)
  to   space 8704K, 0% used [0x00000000e8880000,0x00000000e8880000,0x00000000e9100000)
 ParOldGen       total 44032K, used 12896K [0x00000000a0000000, 0x00000000a2b00000, 0x00000000e0000000)
  object space 44032K, 29% used [0x00000000a0000000,0x00000000a0c98108,0x00000000a2b00000)
 Metaspace       used 20697K, capacity 21138K, committed 21296K, reserved 1067008K
  class space    used 2790K, capacity 2916K, committed 2944K, reserved 1048576K
Event: 7.171 GC heap after
Heap after GC invocations=6 (full 1):
 PSYoungGen      total 68096K, used 0K [0x00000000e0000000, 0x00000000e9100000, 0x0000000100000000)
  eden space 65536K, 0% used [0x00000000e0000000,0x00000000e0000000,0x00000000e4000000)
  from space 2560K, 0% used [0x00000000e4000000,0x00000000e4000000,0x00000000e4280000)
  to   space 8704K, 0% used [0x00000000e8880000,0x00000000e8880000,0x00000000e9100000)
 ParOldGen       total 39424K, used 8661K [0x00000000a0000000, 0x00000000a2680000, 0x00000000e0000000)
  object space 39424K, 21% used [0x00000000a0000000,0x00000000a0875430,0x00000000a2680000)
 Metaspace       used 20697K, capacity 21138K, committed 21296K, reserved 1067008K
  class space    used 2790K, capacity 2916K, committed 2944K, reserved 1048576K
}
Event: 10.228 GC heap before
{Heap before GC invocations=7 (full 1):
 PSYoungGen      total 68096K, used 65536K [0x00000000e0000000, 0x00000000e9100000, 0x0000000100000000)
  eden space 65536K, 100% used [0x00000000e0000000,0x00000000e4000000,0x00000000e4000000)
  from space 2560K, 0% used [0x00000000e4000000,0x00000000e4000000,0x00000000e4280000)
  to   space 8704K, 0% used [0x00000000e8880000,0x00000000e8880000,0x00000000e9100000)
 ParOldGen       total 39424K, used 8661K [0x00000000a0000000, 0x00000000a2680000, 0x00000000e0000000)
  object space 39424K, 21% used [0x00000000a0000000,0x00000000a0875430,0x00000000a2680000)
 Metaspace       used 26462K, capacity 26894K, committed 27136K, reserved 1073152K
  class space    used 3637K, capacity 3780K, committed 3840K, reserved 1048576K
Event: 10.257 GC heap after
Heap after GC invocations=7 (full 1):
 PSYoungGen      total 106496K, used 7677K [0x00000000e0000000, 0x00000000e9000000, 0x0000000100000000)
  eden space 98816K, 0% used [0x00000000e0000000,0x00000000e0000000,0x00000000e6080000)
  from space 7680K, 99% used [0x00000000e8880000,0x00000000e8fff608,0x00000000e9000000)
  to   space 9728K, 0% used [0x00000000e7d00000,0x00000000e7d00000,0x00000000e8680000)
 ParOldGen       total 39424K, used 8661K [0x00000000a0000000, 0x00000000a2680000, 0x00000000e0000000)
  object space 39424K, 21% used [0x00000000a0000000,0x00000000a0875430,0x00000000a2680000)
 Metaspace       used 26462K, capacity 26894K, committed 27136K, reserved 1073152K
  class space    used 3637K, capacity 3780K, committed 3840K, reserved 1048576K
}
Event: 15.783 GC heap before
{Heap before GC invocations=8 (full 1):
 PSYoungGen      total 106496K, used 106493K [0x00000000e0000000, 0x00000000e9000000, 0x0000000100000000)
  eden space 98816K, 100% used [0x00000000e0000000,0x00000000e6080000,0x00000000e6080000)
  from space 7680K, 99% used [0x00000000e8880000,0x00000000e8fff608,0x00000000e9000000)
  to   space 9728K, 0% used [0x00000000e7d00000,0x00000000e7d00000,0x00000000e8680000)
 ParOldGen       total 39424K, used 8661K [0x00000000a0000000, 0x00000000a2680000, 0x00000000e0000000)
  object space 39424K, 21% used [0x00000000a0000000,0x00000000a0875430,0x00000000a2680000)
 Metaspace       used 32795K, capacity 33440K, committed 33664K, reserved 1079296K
  class space    used 4433K, capacity 4637K, committed 4736K, reserved 1048576K
Event: 15.815 GC heap after
Heap after GC invocations=8 (full 1):
 PSYoungGen      total 137728K, used 9711K [0x00000000e0000000, 0x00000000ea500000, 0x0000000100000000)
  eden space 128000K, 0% used [0x00000000e0000000,0x00000000e0000000,0x00000000e7d00000)
  from space 9728K, 99% used [0x00000000e7d00000,0x00000000e867bc48,0x00000000e8680000)
  to   space 11776K, 0% used [0x00000000e9980000,0x00000000e9980000,0x00000000ea500000)
 ParOldGen       total 39424K, used 9565K [0x00000000a0000000, 0x00000000a2680000, 0x00000000e0000000)
  object space 39424K, 24% used [0x00000000a0000000,0x00000000a0957790,0x00000000a2680000)
 Metaspace       used 32795K, capacity 33440K, committed 33664K, reserved 1079296K
  class space    used 4433K, capacity 4637K, committed 4736K, reserved 1048576K
}
Event: 16.357 GC heap before
{Heap before GC invocations=9 (full 1):
 PSYoungGen      total 137728K, used 26302K [0x00000000e0000000, 0x00000000ea500000, 0x0000000100000000)
  eden space 128000K, 12% used [0x00000000e0000000,0x00000000e1033c80,0x00000000e7d00000)
  from space 9728K, 99% used [0x00000000e7d00000,0x00000000e867bc48,0x00000000e8680000)
  to   space 11776K, 0% used [0x00000000e9980000,0x00000000e9980000,0x00000000ea500000)
 ParOldGen       total 39424K, used 9565K [0x00000000a0000000, 0x00000000a2680000, 0x00000000e0000000)
  object space 39424K, 24% used [0x00000000a0000000,0x00000000a0957790,0x00000000a2680000)
 Metaspace       used 34595K, capacity 35280K, committed 35496K, reserved 1079296K
  class space    used 4657K, capacity 4849K, committed 4864K, reserved 1048576K
Event: 16.384 GC heap after
Heap after GC invocations=9 (full 1):
 PSYoungGen      total 156672K, used 8821K [0x00000000e0000000, 0x00000000ee180000, 0x0000000100000000)
  eden space 144896K, 0% used [0x00000000e0000000,0x00000000e0000000,0x00000000e8d80000)
  from space 11776K, 74% used [0x00000000e9980000,0x00000000ea21d710,0x00000000ea500000)
  to   space 12288K, 0% used [0x00000000e8d80000,0x00000000e8d80000,0x00000000e9980000)
 ParOldGen       total 39424K, used 9573K [0x00000000a0000000, 0x00000000a2680000, 0x00000000e0000000)
  object space 39424K, 24% used [0x00000000a0000000,0x00000000a0959790,0x00000000a2680000)
 Metaspace       used 34595K, capacity 35280K, committed 35496K, reserved 1079296K
  class space    used 4657K, capacity 4849K, committed 4864K, reserved 1048576K
}
Event: 16.385 GC heap before
{Heap before GC invocations=10 (full 2):
 PSYoungGen      total 156672K, used 8821K [0x00000000e0000000, 0x00000000ee180000, 0x0000000100000000)
  eden space 144896K, 0% used [0x00000000e0000000,0x00000000e0000000,0x00000000e8d80000)
  from space 11776K, 74% used [0x00000000e9980000,0x00000000ea21d710,0x00000000ea500000)
  to   space 12288K, 0% used [0x00000000e8d80000,0x00000000e8d80000,0x00000000e9980000)
 ParOldGen       total 39424K, used 9573K [0x00000000a0000000, 0x00000000a2680000, 0x00000000e0000000)
  object space 39424K, 24% used [0x00000000a0000000,0x00000000a0959790,0x00000000a2680000)
 Metaspace       used 34595K, capacity 35280K, committed 35496K, reserved 1079296K
  class space    used 4657K, capacity 4849K, committed 4864K, reserved 1048576K
Event: 16.523 GC heap after
Heap after GC invocations=10 (full 2):
 PSYoungGen      total 156672K, used 0K [0x00000000e0000000, 0x00000000ee180000, 0x0000000100000000)
  eden space 144896K, 0% used [0x00000000e0000000,0x00000000e0000000,0x00000000e8d80000)
  from space 11776K, 0% used [0x00000000e9980000,0x00000000e9980000,0x00000000ea500000)
  to   space 12288K, 0% used [0x00000000e8d80000,0x00000000e8d80000,0x00000000e9980000)
 ParOldGen       total 55808K, used 15475K [0x00000000a0000000, 0x00000000a3680000, 0x00000000e0000000)
  object space 55808K, 27% used [0x00000000a0000000,0x00000000a0f1ce78,0x00000000a3680000)
 Metaspace       used 34595K, capacity 35280K, committed 35496K, reserved 1079296K
  class space    used 4657K, capacity 4849K, committed 4864K, reserved 1048576K
}

